This is XeTeX, Version 3.141592653-2.6-0.999996 (TeX Live 2024) (preloaded format=xelatex 2024.10.6)  17 JUL 2026 22:36
entering extended mode
 \write18 enabled.
 file:line:error style messages enabled.
 %&-line parsing enabled.
**learning-lean-4-latex.tex
(./learning-lean-4-latex.tex
LaTeX2e <2023-11-01> patch level 1
L3 programming layer <2024-02-20>
(/usr/local/texlive/2024/texmf-dist/tex/latex/base/article.cls
Document Class: article 2023/05/17 v1.4n Standard LaTeX document class
(/usr/local/texlive/2024/texmf-dist/tex/latex/base/size10.clo
File: size10.clo 2023/05/17 v1.4n Standard LaTeX file (size option)
)
\c@part=\count184
\c@section=\count185
\c@subsection=\count186
\c@subsubsection=\count187
\c@paragraph=\count188
\c@subparagraph=\count189
\c@figure=\count190
\c@table=\count191
\abovecaptionskip=\skip48
\belowcaptionskip=\skip49
\bibindent=\dimen140
) (/usr/local/texlive/2024/texmf-dist/tex/latex/hyperref/hyperref.sty
Package: hyperref 2024-01-20 v7.01h Hypertext links for LaTeX
(/usr/local/texlive/2024/texmf-dist/tex/generic/iftex/iftex.sty
Package: iftex 2022/02/03 v1.0f TeX engine tests
) (/usr/local/texlive/2024/texmf-dist/tex/latex/graphics/keyval.sty
Package: keyval 2022/05/29 v1.15 key=value parser (DPC)
\KV@toks@=\toks17
) (/usr/local/texlive/2024/texmf-dist/tex/latex/kvsetkeys/kvsetkeys.sty
Package: kvsetkeys 2022-10-05 v1.19 Key value parser (HO)
) (/usr/local/texlive/2024/texmf-dist/tex/generic/kvdefinekeys/kvdefinekeys.sty
Package: kvdefinekeys 2019-12-19 v1.6 Define keys (HO)
) (/usr/local/texlive/2024/texmf-dist/tex/generic/pdfescape/pdfescape.sty
Package: pdfescape 2019/12/09 v1.15 Implements pdfTeX's escape features (HO)
(/usr/local/texlive/2024/texmf-dist/tex/generic/ltxcmds/ltxcmds.sty
Package: ltxcmds 2023-12-04 v1.26 LaTeX kernel commands for general use (HO)
) (/usr/local/texlive/2024/texmf-dist/tex/generic/pdftexcmds/pdftexcmds.sty
Package: pdftexcmds 2020-06-27 v0.33 Utility functions of pdfTeX for LuaTeX (HO
)
(/usr/local/texlive/2024/texmf-dist/tex/generic/infwarerr/infwarerr.sty
Package: infwarerr 2019/12/03 v1.5 Providing info/warning/error messages (HO)
)
Package pdftexcmds Info: \pdf@primitive is available.
Package pdftexcmds Info: \pdf@ifprimitive is available.
Package pdftexcmds Info: \pdfdraftmode not found.
)) (/usr/local/texlive/2024/texmf-dist/tex/latex/hycolor/hycolor.sty
Package: hycolor 2020-01-27 v1.10 Color options for hyperref/bookmark (HO)
) (/usr/local/texlive/2024/texmf-dist/tex/latex/auxhook/auxhook.sty
Package: auxhook 2019-12-17 v1.6 Hooks for auxiliary files (HO)
) (/usr/local/texlive/2024/texmf-dist/tex/latex/hyperref/nameref.sty
Package: nameref 2023-11-26 v2.56 Cross-referencing by name of section
(/usr/local/texlive/2024/texmf-dist/tex/latex/refcount/refcount.sty
Package: refcount 2019/12/15 v3.6 Data extraction from label references (HO)
)
(/usr/local/texlive/2024/texmf-dist/tex/generic/gettitlestring/gettitlestring.s
ty
Package: gettitlestring 2019/12/15 v1.6 Cleanup title references (HO)
(/usr/local/texlive/2024/texmf-dist/tex/latex/kvoptions/kvoptions.sty
Package: kvoptions 2022-06-15 v3.15 Key value format for package options (HO)
))
\c@section@level=\count192
) (/usr/local/texlive/2024/texmf-dist/tex/latex/etoolbox/etoolbox.sty
Package: etoolbox 2020/10/05 v2.5k e-TeX tools for LaTeX (JAW)
\etb@tempcnta=\count193
)
\@linkdim=\dimen141
\Hy@linkcounter=\count194
\Hy@pagecounter=\count195
(/usr/local/texlive/2024/texmf-dist/tex/latex/hyperref/pd1enc.def
File: pd1enc.def 2024-01-20 v7.01h Hyperref: PDFDocEncoding definition (HO)
) (/usr/local/texlive/2024/texmf-dist/tex/generic/intcalc/intcalc.sty
Package: intcalc 2019/12/15 v1.3 Expandable calculations with integers (HO)
)
\Hy@SavedSpaceFactor=\count196
(/usr/local/texlive/2024/texmf-dist/tex/latex/hyperref/puenc.def
File: puenc.def 2024-01-20 v7.01h Hyperref: PDF Unicode definition (HO)
)
Package hyperref Info: Hyper figures OFF on input line 4179.
Package hyperref Info: Link nesting OFF on input line 4184.
Package hyperref Info: Hyper index ON on input line 4187.
Package hyperref Info: Plain pages OFF on input line 4194.
Package hyperref Info: Backreferencing OFF on input line 4199.
Package hyperref Info: Implicit mode ON; LaTeX internals redefined.
Package hyperref Info: Bookmarks ON on input line 4446.
\c@Hy@tempcnt=\count197
(/usr/local/texlive/2024/texmf-dist/tex/latex/url/url.sty
\Urlmuskip=\muskip16
Package: url 2013/09/16  ver 3.4  Verb mode for urls, etc.
)
LaTeX Info: Redefining \url on input line 4784.
\XeTeXLinkMargin=\dimen142
(/usr/local/texlive/2024/texmf-dist/tex/generic/bitset/bitset.sty
Package: bitset 2019/12/09 v1.3 Handle bit-vector datatype (HO)
(/usr/local/texlive/2024/texmf-dist/tex/generic/bigintcalc/bigintcalc.sty
Package: bigintcalc 2019/12/15 v1.5 Expandable calculations on big integers (HO
)
))
\Fld@menulength=\count198
\Field@Width=\dimen143
\Fld@charsize=\dimen144
Package hyperref Info: Hyper figures OFF on input line 6063.
Package hyperref Info: Link nesting OFF on input line 6068.
Package hyperref Info: Hyper index ON on input line 6071.
Package hyperref Info: backreferencing OFF on input line 6078.
Package hyperref Info: Link coloring OFF on input line 6083.
Package hyperref Info: Link coloring with OCG OFF on input line 6088.
Package hyperref Info: PDF/A mode OFF on input line 6093.
(/usr/local/texlive/2024/texmf-dist/tex/latex/base/atbegshi-ltx.sty
Package: atbegshi-ltx 2021/01/10 v1.0c Emulation of the original atbegshi
package with kernel methods
)
\Hy@abspage=\count199
\c@Item=\count266
\c@Hfootnote=\count267
)
Package hyperref Info: Driver (autodetected): hxetex.
(/usr/local/texlive/2024/texmf-dist/tex/latex/hyperref/hxetex.def
File: hxetex.def 2024-01-20 v7.01h Hyperref driver for XeTeX
(/usr/local/texlive/2024/texmf-dist/tex/generic/stringenc/stringenc.sty
Package: stringenc 2019/11/29 v1.12 Convert strings between diff. encodings (HO
)
)
\pdfm@box=\box51
\c@Hy@AnnotLevel=\count268
\HyField@AnnotCount=\count269
\Fld@listcount=\count270
\c@bookmark@seq@number=\count271

(/usr/local/texlive/2024/texmf-dist/tex/latex/rerunfilecheck/rerunfilecheck.sty
Package: rerunfilecheck 2022-07-10 v1.10 Rerun checks for auxiliary files (HO)
(/usr/local/texlive/2024/texmf-dist/tex/latex/base/atveryend-ltx.sty
Package: atveryend-ltx 2020/08/19 v1.0a Emulation of the original atveryend pac
kage
with kernel methods
)
(/usr/local/texlive/2024/texmf-dist/tex/generic/uniquecounter/uniquecounter.sty
Package: uniquecounter 2019/12/15 v1.4 Provide unlimited unique counter (HO)
)
Package uniquecounter Info: New unique counter `rerunfilecheck' on input line 2
85.
)
\Hy@SectionHShift=\skip50
) (/usr/local/texlive/2024/texmf-dist/tex/latex/datetime/datetime.sty
Package: datetime 2015/03/20 v2.60 Date Time Package
(/usr/local/texlive/2024/texmf-dist/tex/latex/fmtcount/fmtcount.sty
Invalid UTF-8 byte or sequence at line 10 replaced by U+FFFD.
Invalid UTF-8 byte or sequence at line 22 replaced by U+FFFD.
Package: fmtcount 2020/01/30 v3.07
(/usr/local/texlive/2024/texmf-dist/tex/latex/base/ifthen.sty
Package: ifthen 2022/04/13 v1.1d Standard LaTeX ifthen package (DPC)
) (/usr/local/texlive/2024/texmf-dist/tex/latex/xkeyval/xkeyval.sty
Package: xkeyval 2022/06/16 v2.9 package option processing (HA)
(/usr/local/texlive/2024/texmf-dist/tex/generic/xkeyval/xkeyval.tex (/usr/local
/texlive/2024/texmf-dist/tex/generic/xkeyval/xkvutils.tex
\XKV@toks=\toks18
\XKV@tempa@toks=\toks19
)
\XKV@depth=\count272
File: xkeyval.tex 2014/12/03 v2.7a key=value parser (HA)
)) (/usr/local/texlive/2024/texmf-dist/tex/latex/fmtcount/fcprefix.sty
Invalid UTF-8 byte or sequence at line 10 replaced by U+FFFD.
Invalid UTF-8 byte or sequence at line 22 replaced by U+FFFD.
Package: fcprefix 2012/09/28
(/usr/local/texlive/2024/texmf-dist/tex/latex/fmtcount/fcnumparser.sty
Invalid UTF-8 byte or sequence at line 10 replaced by U+FFFD.
Invalid UTF-8 byte or sequence at line 22 replaced by U+FFFD.
Package: fcnumparser 2017/06/15
\fc@digit@counter=\count273
)) (/usr/local/texlive/2024/texmf-dist/tex/latex/amsmath/amsgen.sty
File: amsgen.sty 1999/11/30 v2.0 generic functions
\@emptytoks=\toks20
\ex@=\dimen145
)
\c@padzeroesN=\count274
\fc@tmpcatcode=\count275
\@DT@modctr=\count276
\@ordinalctr=\count277
\@orgargctr=\count278
\@strctr=\count279
\@tmpstrctr=\count280
\@DT@loopN=\count281
\@DT@X=\count282
) (/usr/local/texlive/2024/texmf-dist/tex/latex/datetime/datetime-defaults.sty
Package: datetime-defaults 2013/09/10
)
\@day=\count283
\@month=\count284
\@year=\count285
\c@HOUR=\count286
\c@HOURXII=\count287
\c@MINUTE=\count288
\c@TOHOUR=\count289
\c@TOMINUTE=\count290
\c@SECOND=\count291
\currenthour=\count292
\currentminute=\count293
\currentsecond=\count294
Package datetime Info: No datetime.cfg file found, using default settings on in
put line 308.
\@dtctr=\count295
\dayofyear=\count296
\dayofweek=\count297
LaTeX Info: Redefining \today on input line 736.
\dt@a=\toks21
\dt@b=\toks22
) (/usr/local/texlive/2024/texmf-dist/tex/latex/graphics/graphicx.sty
Package: graphicx 2021/09/16 v1.2d Enhanced LaTeX Graphics (DPC,SPQR)
(/usr/local/texlive/2024/texmf-dist/tex/latex/graphics/graphics.sty
Package: graphics 2022/03/10 v1.4e Standard LaTeX Graphics (DPC,SPQR)
(/usr/local/texlive/2024/texmf-dist/tex/latex/graphics/trig.sty
Package: trig 2021/08/11 v1.11 sin cos tan (DPC)
) (/usr/local/texlive/2024/texmf-dist/tex/latex/graphics-cfg/graphics.cfg
File: graphics.cfg 2016/06/04 v1.11 sample graphics configuration
)
Package graphics Info: Driver file: xetex.def on input line 107.
(/usr/local/texlive/2024/texmf-dist/tex/latex/graphics-def/xetex.def
File: xetex.def 2022/09/22 v5.0n Graphics/color driver for xetex
))
\Gin@req@height=\dimen146
\Gin@req@width=\dimen147
) (/usr/local/texlive/2024/texmf-dist/tex/latex/natbib/natbib.sty
Package: natbib 2010/09/13 8.31b (PWD, AO)
\bibhang=\skip51
\bibsep=\skip52
LaTeX Info: Redefining \cite on input line 694.
\c@NAT@ctr=\count298
) (/usr/local/texlive/2024/texmf-dist/tex/latex/amsmath/amsmath.sty
Package: amsmath 2023/05/13 v2.17o AMS math features
\@mathmargin=\skip53
For additional information on amsmath, use the `?' option.
(/usr/local/texlive/2024/texmf-dist/tex/latex/amsmath/amstext.sty
Package: amstext 2021/08/26 v2.01 AMS text
) (/usr/local/texlive/2024/texmf-dist/tex/latex/amsmath/amsbsy.sty
Package: amsbsy 1999/11/29 v1.2d Bold Symbols
\pmbraise@=\dimen148
) (/usr/local/texlive/2024/texmf-dist/tex/latex/amsmath/amsopn.sty
Package: amsopn 2022/04/08 v2.04 operator names
)
\inf@bad=\count299
LaTeX Info: Redefining \frac on input line 234.
\uproot@=\count300
\leftroot@=\count301
LaTeX Info: Redefining \overline on input line 399.
LaTeX Info: Redefining \colon on input line 410.
\classnum@=\count302
\DOTSCASE@=\count303
LaTeX Info: Redefining \ldots on input line 496.
LaTeX Info: Redefining \dots on input line 499.
LaTeX Info: Redefining \cdots on input line 620.
\Mathstrutbox@=\box52
\strutbox@=\box53
LaTeX Info: Redefining \big on input line 722.
LaTeX Info: Redefining \Big on input line 723.
LaTeX Info: Redefining \bigg on input line 724.
LaTeX Info: Redefining \Bigg on input line 725.
\big@size=\dimen149
LaTeX Font Info:    Redeclaring font encoding OML on input line 743.
LaTeX Font Info:    Redeclaring font encoding OMS on input line 744.
\macc@depth=\count304
LaTeX Info: Redefining \bmod on input line 905.
LaTeX Info: Redefining \pmod on input line 910.
LaTeX Info: Redefining \smash on input line 940.
LaTeX Info: Redefining \relbar on input line 970.
LaTeX Info: Redefining \Relbar on input line 971.
\c@MaxMatrixCols=\count305
\dotsspace@=\muskip17
\c@parentequation=\count306
\dspbrk@lvl=\count307
\tag@help=\toks23
\row@=\count308
\column@=\count309
\maxfields@=\count310
\andhelp@=\toks24
\eqnshift@=\dimen150
\alignsep@=\dimen151
\tagshift@=\dimen152
\tagwidth@=\dimen153
\totwidth@=\dimen154
\lineht@=\dimen155
\@envbody=\toks25
\multlinegap=\skip54
\multlinetaggap=\skip55
\mathdisplay@stack=\toks26
LaTeX Info: Redefining \[ on input line 2953.
LaTeX Info: Redefining \] on input line 2954.
) (/usr/local/texlive/2024/texmf-dist/tex/latex/booktabs/booktabs.sty
Package: booktabs 2020/01/12 v1.61803398 Publication quality tables
\heavyrulewidth=\dimen156
\lightrulewidth=\dimen157
\cmidrulewidth=\dimen158
\belowrulesep=\dimen159
\belowbottomsep=\dimen160
\aboverulesep=\dimen161
\abovetopsep=\dimen162
\cmidrulesep=\dimen163
\cmidrulekern=\dimen164
\defaultaddspace=\dimen165
\@cmidla=\count311
\@cmidlb=\count312
\@aboverulesep=\dimen166
\@belowrulesep=\dimen167
\@thisruleclass=\count313
\@lastruleclass=\count314
\@thisrulewidth=\dimen168
) (/usr/local/texlive/2024/texmf-dist/tex/latex/framed/framed.sty
Package: framed 2011/10/22 v 0.96: framed or shaded text with page breaks
\OuterFrameSep=\skip56
\fb@frw=\dimen169
\fb@frh=\dimen170
\FrameRule=\dimen171
\FrameSep=\dimen172
)

./learning-lean-4-latex.tex:17: LaTeX Error: Command \vec already defined.
               Or name \end... illegal, see p.192 of the manual.

See the LaTeX manual or LaTeX Companion for explanation.
Type  H <return>  for immediate help.
 ...                                              
                                                  
l.17 \newcommand{\vec}[1]{\mathbf{#1}}
                                      
Your command was ignored.
Type  I <command> <return>  to replace it with another command,
or  <return>  to continue without it.

Package hyperref Info: Option `colorlinks' set `true' on input line 22.
(/usr/local/texlive/2024/texmf-dist/tex/latex/l3backend/l3backend-xetex.def
File: l3backend-xetex.def 2024-02-20 L3 backend support: XeTeX
\g__graphics_track_int=\count315
\l__pdf_internal_box=\box54
\g__pdf_backend_object_int=\count316
\g__pdf_backend_annotation_int=\count317
\g__pdf_backend_link_int=\count318
) (./learning-lean-4-latex.aux (./learning-lean-4-latex-syntax.aux) (./learning
-lean-4-latex-natural-deduction.aux) (./learning-lean-4-latex-linear-algebra.au
x))
\openout1 = `learning-lean-4-latex.aux'.

LaTeX Font Info:    Checking defaults for OML/cmm/m/it on input line 35.
LaTeX Font Info:    ... okay on input line 35.
LaTeX Font Info:    Checking defaults for OMS/cmsy/m/n on input line 35.
LaTeX Font Info:    ... okay on input line 35.
LaTeX Font Info:    Checking defaults for OT1/cmr/m/n on input line 35.
LaTeX Font Info:    ... okay on input line 35.
LaTeX Font Info:    Checking defaults for T1/cmr/m/n on input line 35.
LaTeX Font Info:    ... okay on input line 35.
LaTeX Font Info:    Checking defaults for TS1/cmr/m/n on input line 35.
LaTeX Font Info:    Trying to load font information for TS1+cmr on input line 3
5.
(/usr/local/texlive/2024/texmf-dist/tex/latex/base/ts1cmr.fd
File: ts1cmr.fd 2023/04/13 v2.5m Standard LaTeX font definitions
)
LaTeX Font Info:    ... okay on input line 35.
LaTeX Font Info:    Checking defaults for TU/lmr/m/n on input line 35.
LaTeX Font Info:    ... okay on input line 35.
LaTeX Font Info:    Checking defaults for OMX/cmex/m/n on input line 35.
LaTeX Font Info:    ... okay on input line 35.
LaTeX Font Info:    Checking defaults for U/cmr/m/n on input line 35.
LaTeX Font Info:    ... okay on input line 35.
LaTeX Font Info:    Checking defaults for PD1/pdf/m/n on input line 35.
LaTeX Font Info:    ... okay on input line 35.
LaTeX Font Info:    Checking defaults for PU/pdf/m/n on input line 35.
LaTeX Font Info:    ... okay on input line 35.
(/usr/local/texlive/2024/texmf-dist/tex/latex/graphics/color.sty
Package: color 2022/01/06 v1.3d Standard LaTeX Color (DPC)
(/usr/local/texlive/2024/texmf-dist/tex/latex/graphics-cfg/color.cfg
File: color.cfg 2016/01/02 v1.6 sample color configuration
)
Package color Info: Driver file: xetex.def on input line 149.
(/usr/local/texlive/2024/texmf-dist/tex/latex/graphics/mathcolor.ltx))
Package hyperref Info: Link coloring ON on input line 35.
(./learning-lean-4-latex.out) (./learning-lean-4-latex.out)
\@outlinefile=\write3
\openout3 = `learning-lean-4-latex.out'.

(/usr/local/texlive/2024/texmf-dist/tex/latex/fmtcount/fc-english.def
Invalid UTF-8 byte or sequence at line 10 replaced by U+FFFD.
Invalid UTF-8 byte or sequence at line 22 replaced by U+FFFD.
File: fc-english.def 2016/01/12
)
File: curvenote.png Graphic file (type bmp)
<curvenote.png>
[1

]
\openout2 = `learning-lean-4-latex-syntax.aux'.

(./learning-lean-4-latex-syntax.tex
LaTeX Font Info:    Font shape `TU/lmtt/bx/n' in size <10> not available
(Font)              Font shape `TU/lmtt/b/n' tried instead on input line 19.
) [2

]
\openout2 = `learning-lean-4-latex-natural-deduction.aux'.

(./learning-lean-4-latex-natural-deduction.tex
Overfull \hbox (3.29pt too wide) in paragraph at lines 5--8
\TU/lmr/m/n/10 The Lean proofs for this chapter live in [][]\TU/lmtt/m/n/10 Lea
rningLean/NaturalDeduction.lean[][]\TU/lmr/m/n/10 ,
 []

Missing character: There is no ¬ ("AC) in font cmr10!
Missing character: There is no ⊢ ("22A2) in font cmr10!
Missing character: There is no ¬ ("AC) in font cmr10!

Package hyperref Warning: Token not allowed in a PDF string (Unicode):
(hyperref)                removing `math shift' on input line 9.


Package hyperref Warning: Token not allowed in a PDF string (Unicode):
(hyperref)                removing `\Rightarrow' on input line 9.


Package hyperref Warning: Token not allowed in a PDF string (Unicode):
(hyperref)                removing `math shift' on input line 9.

Missing character: There is no ¬ ("AC) in font cmr10!
Missing character: There is no ⊢ ("22A2) in font cmr10!
Missing character: There is no ¬ ("AC) in font cmr10!

./learning-lean-4-latex-natural-deduction.tex:16: LaTeX Error: Cannot determine
 size of graphic in files/fitch-b1b30d3bae99cd633d830976f12fffdb.svg (no Boundi
ngBox).

See the LaTeX manual or LaTeX Companion for explanation.
Type  H <return>  for immediate help.
 ...                                              
                                                  
l.16 ...itch-b1b30d3bae99cd633d830976f12fffdb.svg}
                                                  
Try typing  <return>  to proceed.
If that doesn't work, type  X <return>  to quit.

File: files/fitch-b1b30d3bae99cd633d830976f12fffdb.svg Graphic file (type eps)
<files/fitch-b1b30d3bae99cd633d830976f12fffdb.svg>
Missing character: There is no ¬ ("AC) in font cmr10!
Missing character: There is no ¬ ("AC) in font cmr10!
Missing character: There is no ¬ ("AC) in font cmr10!
./learning-lean-4-latex-natural-deduction.tex:24: Missing $ inserted.
<inserted text> 
                $
l.24 ...efinitionally \texttt{P \rightarrow False}
                                                  ,\footnote{This is the sta...
I've inserted a begin-math/end-math symbol since I think
you left one out. Proceed, with fingers crossed.

./learning-lean-4-latex-natural-deduction.tex:24: Extra }, or forgotten $.
<recently read> \egroup 
                        
l.24 ...efinitionally \texttt{P \rightarrow False}
                                                  ,\footnote{This is the sta...
I've deleted a group-closing symbol because it seems to be
spurious, as in `$x}$'. But perhaps the } is legitimate and
you forgot something else, as in `\hbox{$x}'. In such cases
the way to recover is to insert both the forgotten and the
deleted material, e.g., by typing `I$}'.

./learning-lean-4-latex-natural-deduction.tex:25: Missing $ inserted.
<inserted text> 
                $
l.25 ...texttt{P} into a proof of \texttt{False}.}
                                                   so the
I've inserted a begin-math/end-math symbol since I think
you left one out. Proceed, with fingers crossed.

./learning-lean-4-latex-natural-deduction.tex:25: Extra }, or forgotten $.
<recently read> \egroup 
                        
l.25 ...texttt{P} into a proof of \texttt{False}.}
                                                   so the
I've deleted a group-closing symbol because it seems to be
spurious, as in `$x}$'. But perhaps the } is legitimate and
you forgot something else, as in `\hbox{$x}'. In such cases
the way to recover is to insert both the forgotten and the
deleted material, e.g., by typing `I$}'.

./learning-lean-4-latex-natural-deduction.tex:25: Missing $ inserted.
<inserted text> 
                $
l.25 ...texttt{P} into a proof of \texttt{False}.}
                                                   so the
I've inserted a begin-math/end-math symbol since I think
you left one out. Proceed, with fingers crossed.


Underfull \hbox (badness 1817) in paragraph at lines 25--25
[][][]\TU/lmr/m/n/8 This is the standard definition in Lean’s core library: \TU
/lmtt/m/n/8 Not p \TU/lmr/m/n/8 unfolds to \TU/lmtt/m/n/8 p $\OMS/cmsy/m/n/8 !
 []

./learning-lean-4-latex-natural-deduction.tex:25: Missing } inserted.
<inserted text> 
                }
l.25 ...texttt{P} into a proof of \texttt{False}.}
                                                   so the
I've inserted something that you may have forgotten.
(See the <inserted text> above.)
With luck, this will get me unwedged. But if you
really didn't forget anything, try typing `2' now; then
my insertion and my current dilemma will both disappear.

./learning-lean-4-latex-natural-deduction.tex:27: Missing $ inserted.
<inserted text> 
                $
l.27 
     
I've inserted a begin-math/end-math symbol since I think
you left one out. Proceed, with fingers crossed.


Overfull \hbox (158.5769pt too wide) in paragraph at lines 24--27
[]\TU/lmr/m/n/10 In Lean this is theorem \TU/lmtt/m/n/10 T55\TU/lmr/m/n/10 , wh
ere \TU/lmtt/m/n/10 ¬P \TU/lmr/m/n/10 is definitionally \TU/lmtt/m/n/10 P $\OMS
/cmsy/m/n/10 ! \OML/cmm/m/it/10 False;[][] [][][]sothewholeproofisjustfunctionc
omposition \OT1/cmr/m/n/10 :$ 
 []

Missing character: There is no ∘ (U+2218) in font [lmmono10-regular]:!
Missing character: There is no ⊢ ("22A2) in font cmr10!

Package hyperref Warning: Token not allowed in a PDF string (Unicode):
(hyperref)                removing `math shift' on input line 33.


Package hyperref Warning: Token not allowed in a PDF string (Unicode):
(hyperref)                removing `\Rightarrow' on input line 33.


Package hyperref Warning: Token not allowed in a PDF string (Unicode):
(hyperref)                removing `\wedge' on input line 33.


Package hyperref Warning: Token not allowed in a PDF string (Unicode):
(hyperref)                removing `math shift' on input line 33.

Missing character: There is no ⟨ (U+27E8) in font [lmmono10-regular]:!
Missing character: There is no ⟩ (U+27E9) in font [lmmono10-regular]:!
Missing character: There is no ⟨ (U+27E8) in font [lmmono10-regular]:!
Missing character: There is no ⟩ (U+27E9) in font [lmmono10-regular]:!

Overfull \hbox (7.1pt too wide) in paragraph at lines 35--37
\TU/lmtt/m/n/10 Theorem T51 builds the pair ⟨proof of P, proof of Q⟩ directly, 
using
 []

Missing character: There is no ∧ (U+2227) in font [lmmono10-regular]:!
Missing character: There is no ⟨ (U+27E8) in font [lmmono10-regular]:!
Missing character: There is no ⟩ (U+27E9) in font [lmmono10-regular]:!
) [3



]
\openout2 = `learning-lean-4-latex-linear-algebra.aux'.

(./learning-lean-4-latex-linear-algebra.tex
Overfull \hbox (1.5pt too wide) in paragraph at lines 5--9
\TU/lmtt/m/n/10 A scratch chapter for linear-algebra notes --- enough structure
 to
 []


Overfull \hbox (64.5pt too wide) in paragraph at lines 5--9
\TU/lmtt/m/n/10 flesh out later, and enough variety (numbered equations, a tabl
e, admonitions,
 []


Overfull \hbox (29.5pt too wide) in paragraph at lines 5--9
\TU/lmtt/m/n/10 and interleaved Lean) to show the book template in action. The 
runnable
 []


Underfull \hbox (badness 10000) in paragraph at lines 11--13
\TU/lmtt/m/n/10 This chapter is a work in progress. Sections marked \TU/lmtt/b/
n/10 To flesh
 []


Overfull \hbox (19.4457pt too wide) in paragraph at lines 17--19
\TU/lmtt/m/n/10 A vector in $\OMS/cmsy/m/n/10 )[]$ \TU/lmtt/m/n/10 is an ordere
d list of $\OML/cmm/m/it/10 n$ \TU/lmtt/m/n/10 real numbers. We write column
 []


Overfull \hbox (3.68037pt too wide) in paragraph at lines 27--29
[]\TU/lmtt/m/n/10 For a concrete computation, take $[] \OT1/cmr/m/n/10 = (1\OML
/cmm/m/it/10 ; \OT1/cmr/m/n/10 2\OML/cmm/m/it/10 ; \OT1/cmr/m/n/10 3)$ \TU/lmtt
/m/n/10 and $[] \OT1/cmr/m/n/10 = (4\OML/cmm/m/it/10 ; \OT1/cmr/m/n/10 5\OML/cm
m/m/it/10 ; \OT1/cmr/m/n/10 6)$\TU/lmtt/m/n/10 . Then
 []

./learning-lean-4-latex-linear-algebra.tex:34: Missing $ inserted.
<inserted text> 
                $
l.34 ...is a function \texttt{Fin n \rightarrow ℝ}
                                                  , and \texttt{![\dots]} is...
I've inserted a begin-math/end-math symbol since I think
you left one out. Proceed, with fingers crossed.

./learning-lean-4-latex-linear-algebra.tex:34: Extra }, or forgotten $.
<recently read> \egroup 
                        
l.34 ...is a function \texttt{Fin n \rightarrow ℝ}
                                                  , and \texttt{![\dots]} is...
I've deleted a group-closing symbol because it seems to be
spurious, as in `$x}$'. But perhaps the } is legitimate and
you forgot something else, as in `\hbox{$x}'. In such cases
the way to recover is to insert both the forgotten and the
deleted material, e.g., by typing `I$}'.

Missing character: There is no ⬝ (U+2B1D) in font [lmmono8-regular]:!
Missing character: There is no ᵥ (U+1D65) in font [lmmono8-regular]:!
./learning-lean-4-latex-linear-algebra.tex:37: Missing $ inserted.
<inserted text> 
                $
l.37 
     
I've inserted a begin-math/end-math symbol since I think
you left one out. Proceed, with fingers crossed.

Missing character: There is no ℝ ("211D) in font cmmi10!

Overfull \hbox (499.19855pt too wide) in paragraph at lines 34--37
[]\TU/lmtt/m/n/10 In Lean, a vector is a function Fin n $\OMS/cmsy/m/n/10 ! \OM
L/cmm/m/it/10 ; and[]isnotationforone:Thedotproductandthematrixoperationsbelowf
ollowthespellingsusedinMathlib\OT1/cmr/m/n/10 [[][][][][]\OML/cmm/m/it/10 ; [][
] \OT1/cmr/m/n/10 2020[][]] :
 []

Missing character: There is no ℝ (U+211D) in font [lmmono10-regular]:!
Missing character: There is no ℝ (U+211D) in font [lmmono10-regular]:!
Missing character: There is no ⬝ (U+2B1D) in font [lmmono10-regular]:!
Missing character: There is no ᵥ (U+1D65) in font [lmmono10-regular]:!
Missing character: There is no ⬝ (U+2B1D) in font [lmmono10-regular]:!
Missing character: There is no ᵥ (U+1D65) in font [lmmono10-regular]:!
Missing character: There is no ℝ (U+211D) in font [lmmono10-regular]:!

Overfull \hbox (34.79417pt too wide) in paragraph at lines 47--48
\TU/lmtt/m/n/10 An $\OML/cmm/m/it/10 m \OMS/cmsy/m/n/10 ^^B \OML/cmm/m/it/10 n$
 \TU/lmtt/m/n/10 matrix $\OML/cmm/m/it/10 A \OMS/cmsy/m/n/10 2)[]$ \TU/lmtt/m/n
/10 is a rectangular array of scalars. For example, 
 []


Overfull \hbox (2.5683pt too wide) in paragraph at lines 53--55
[]\TU/lmtt/m/n/10 The \TU/lmtt/b/n/10 matrix--vector product $\OML/cmm/m/it/10 
A[]$ \TU/lmtt/m/n/10 takes a vector $[] \OMS/cmsy/m/n/10 2)[]$ \TU/lmtt/m/n/10 
to a vector
 []

[4



]
Missing character: There is no ⬝ (U+2B1D) in font [lmmono10-regular]:!
Missing character: There is no ᵥ (U+1D65) in font [lmmono10-regular]:!

Underfull \hbox (badness 10000) in paragraph at lines 71--71
[]\TU/lmtt/m/n/10 Matrix--vector
 []

Missing character: There is no ᵥ (U+1D65) in font [lmmono10-regular]:!
Missing character: There is no ᵀ (U+1D40) in font [lmmono10-regular]:!
Missing character: There is no ℝ (U+211D) in font [lmmono10-regular]:!
Missing character: There is no ᵥ (U+1D65) in font [lmmono10-regular]:!
Missing character: There is no ℝ (U+211D) in font [lmmono10-regular]:!

Overfull \hbox (64.85pt too wide) in paragraph at lines 83--83
[]\TU/lmtt/m/n/10 #check A *ᵥ ![5, 6]   - - matrix -vector product, of type `Fi
n 2 \rightarrow ℝ`[] 
 []


Overfull \hbox (5.67723pt too wide) in paragraph at lines 87--91
\TU/lmtt/m/n/10 A \TU/lmtt/b/n/10 linear map $\OML/cmm/m/it/10 T \OT1/cmr/m/n/1
0 :\OMS/cmsy/m/n/10 )[]!)[]$ \TU/lmtt/m/n/10 is a function satisfying $\OML/cmm
/m/it/10 T\OT1/cmr/m/n/10 (\OML/cmm/m/it/10 ^^K[] \OT1/cmr/m/n/10 + []) = \OML/
cmm/m/it/10 ^^K T\OT1/cmr/m/n/10 ([]) +
 []


Overfull \hbox (19.0255pt too wide) in paragraph at lines 87--91
\OML/cmm/m/it/10 T\OT1/cmr/m/n/10 ([])$ \TU/lmtt/m/n/10 for all scalars $\OML/c
mm/m/it/10 ^^K$ \TU/lmtt/m/n/10 and vectors $[]\OML/cmm/m/it/10 ; []$\TU/lmtt/m
/n/10 . Every such map is represented
 []


Overfull \hbox (12.0pt too wide) in paragraph at lines 87--91
\TU/lmtt/m/n/10 by a matrix, and matrix multiplication corresponds to compositi
on of
 []


Underfull \hbox (badness 10000) in paragraph at lines 93--96
\TU/lmtt/b/n/10 To flesh out: \TU/lmtt/m/n/10 state and prove that Matrix.mulVe
c A is a
 []


Overfull \hbox (9.59016pt too wide) in paragraph at lines 100--103
\TU/lmtt/b/n/10 To flesh out. \TU/lmtt/m/n/10 A step-by-step example --- e.g. s
olving $\OML/cmm/m/it/10 A[] \OT1/cmr/m/n/10 = []$ \TU/lmtt/m/n/10 by row
 []


Overfull \hbox (12.0pt too wide) in paragraph at lines 100--103
\TU/lmtt/m/n/10 reduction --- narrated alongside the corresponding Lean definit
ions,
 []


Underfull \hbox (badness 10000) in paragraph at lines 112--113
[]\TU/lmtt/m/n/10 Prove $\OT1/cmr/m/n/10 (\OML/cmm/m/it/10 A[]\OT1/cmr/m/n/10 )
[] = \OML/cmm/m/it/10 A$ \TU/lmtt/m/n/10 in Lean using
 []

) [5] (./learning-lean-4-latex.bbl
Underfull \hbox (badness 10000) in paragraph at lines 9--15
[]\TU/lmtt/m/n/10 The mathlib Community.  The Lean Mathematical Library.  In
 []


Underfull \hbox (badness 10000) in paragraph at lines 9--15
\TU/lmtt/m/it/10 Proceedings of the 9th ACM SIGPLAN International Conference
 []


Underfull \hbox (badness 10000) in paragraph at lines 9--15
\TU/lmtt/m/it/10 on Certified Programs and Proofs (CPP 2020)\TU/lmtt/m/n/10 , p
ages 367--381.
 []

) [6


] (./learning-lean-4-latex.aux (./learning-lean-4-latex-syntax.aux) (./learning
-lean-4-latex-natural-deduction.aux) (./learning-lean-4-latex-linear-algebra.au
x))
 ***********
LaTeX2e <2023-11-01> patch level 1
L3 programming layer <2024-02-20>
 ***********
Package rerunfilecheck Info: File `learning-lean-4-latex.out' has not changed.
(rerunfilecheck)             Checksum: 9DB9979837ACAC94C4B835F4D60FB389;2799.
 )
(\end occurred inside a group at level 2)

### simple group (level 2) entered at line 34 ({)
### simple group (level 1) entered at line 24 ({)
### bottom level 
Here is how much of TeX's memory you used:
 10503 strings out of 474773
 168380 string characters out of 5757724
 1931839 words of memory out of 5000000
 32472 multiletter control sequences out of 15000+600000
 562429 words of font info for 68 fonts, out of 8000000 for 9000
 1348 hyphenation exceptions out of 8191
 72i,11n,79p,1531b,586s stack positions out of 10000i,1000n,20000p,200000b,200000s

Output written on learning-lean-4-latex.xdv (6 pages, 55184 bytes).
